{"/home/thiago/Área de Trabalho/Driven/concept-A-back-4/src/app.ts": {"path":"/home/thiago/Área de Trabalho/Driven/concept-A-back-4/src/app.ts","statementMap":{"0":{"start":{"line":1,"column":0},"end":{"line":1,"column":43}},"1":{"start":{"line":2,"column":0},"end":{"line":2,"column":24}},"2":{"start":{"line":3,"column":0},"end":{"line":3,"column":73}},"3":{"start":{"line":4,"column":0},"end":{"line":4,"column":51}},"4":{"start":{"line":5,"column":0},"end":{"line":5,"column":56}},"5":{"start":{"line":7,"column":12},"end":{"line":7,"column":21}},"6":{"start":{"line":8,"column":0},"end":{"line":15,"column":32}},"7":{"start":{"line":11,"column":32},"end":{"line":11,"column":47}},"8":{"start":{"line":18,"column":2},"end":{"line":18,"column":14}},"9":{"start":{"line":19,"column":2},"end":{"line":19,"column":30}},"10":{"start":{"line":17,"column":0},"end":{"line":17,"column":16}},"11":{"start":{"line":23,"column":2},"end":{"line":23,"column":23}},"12":{"start":{"line":22,"column":0},"end":{"line":22,"column":7}},"13":{"start":{"line":26,"column":0},"end":{"line":26,"column":19}}},"fnMap":{"0":{"name":"(anonymous_1)","decl":{"start":{"line":11,"column":18},"end":{"line":11,"column":19}},"loc":{"start":{"line":11,"column":32},"end":{"line":11,"column":47}}},"1":{"name":"init","decl":{"start":{"line":17,"column":16},"end":{"line":17,"column":20}},"loc":{"start":{"line":17,"column":20},"end":{"line":20,"column":1}}},"2":{"name":"close","decl":{"start":{"line":22,"column":22},"end":{"line":22,"column":27}},"loc":{"start":{"line":22,"column":27},"end":{"line":24,"column":1}}}},"branchMap":{},"s":{"0":4,"1":4,"2":4,"3":4,"4":4,"5":4,"6":4,"7":1,"8":4,"9":4,"10":4,"11":4,"12":4,"13":4},"f":{"0":1,"1":4,"2":4},"b":{}}
,"/home/thiago/Área de Trabalho/Driven/concept-A-back-4/src/server.ts": {"path":"/home/thiago/Área de Trabalho/Driven/concept-A-back-4/src/server.ts","statementMap":{"0":{"start":{"line":1,"column":0},"end":{"line":1,"column":34}},"1":{"start":{"line":3,"column":13},"end":{"line":3,"column":37}},"2":{"start":{"line":5,"column":0},"end":{"line":9,"column":3}},"3":{"start":{"line":6,"column":2},"end":{"line":8,"column":5}},"4":{"start":{"line":7,"column":4},"end":{"line":7,"column":56}}},"fnMap":{"0":{"name":"(anonymous_6)","decl":{"start":{"line":5,"column":12},"end":{"line":5,"column":15}},"loc":{"start":{"line":5,"column":17},"end":{"line":9,"column":1}}},"1":{"name":"(anonymous_7)","decl":{"start":{"line":6,"column":19},"end":{"line":6,"column":22}},"loc":{"start":{"line":6,"column":24},"end":{"line":8,"column":3}}}},"branchMap":{"0":{"loc":{"start":{"line":3,"column":13},"end":{"line":3,"column":37}},"type":"binary-expr","locations":[{"start":{"line":3,"column":13},"end":{"line":3,"column":29}},{"start":{"line":3,"column":33},"end":{"line":3,"column":37}}]}},"s":{"0":0,"1":0,"2":0,"3":0,"4":0},"f":{"0":0,"1":0},"b":{"0":[0,0]}}
,"/home/thiago/Área de Trabalho/Driven/concept-A-back-4/src/config/database.ts": {"path":"/home/thiago/Área de Trabalho/Driven/concept-A-back-4/src/config/database.ts","statementMap":{"0":{"start":{"line":1,"column":0},"end":{"line":1,"column":46}},"1":{"start":{"line":5,"column":2},"end":{"line":5,"column":30}},"2":{"start":{"line":4,"column":0},"end":{"line":4,"column":16}},"3":{"start":{"line":9,"column":2},"end":{"line":9,"column":30}},"4":{"start":{"line":8,"column":0},"end":{"line":8,"column":7}}},"fnMap":{"0":{"name":"connectDb","decl":{"start":{"line":4,"column":16},"end":{"line":4,"column":25}},"loc":{"start":{"line":4,"column":25},"end":{"line":6,"column":1}}},"1":{"name":"disconnectDB","decl":{"start":{"line":8,"column":22},"end":{"line":8,"column":34}},"loc":{"start":{"line":8,"column":34},"end":{"line":10,"column":1}}}},"branchMap":{},"s":{"0":4,"1":4,"2":4,"3":5,"4":4},"f":{"0":4,"1":5},"b":{}}
,"/home/thiago/Área de Trabalho/Driven/concept-A-back-4/src/config/envs.ts": {"path":"/home/thiago/Área de Trabalho/Driven/concept-A-back-4/src/config/envs.ts","statementMap":{"0":{"start":{"line":1,"column":0},"end":{"line":1,"column":28}},"1":{"start":{"line":2,"column":0},"end":{"line":2,"column":41}},"2":{"start":{"line":6,"column":4},"end":{"line":10,"column":16}},"3":{"start":{"line":12,"column":22},"end":{"line":12,"column":45}},"4":{"start":{"line":13,"column":2},"end":{"line":13,"column":35}},"5":{"start":{"line":4,"column":0},"end":{"line":4,"column":16}}},"fnMap":{"0":{"name":"loadEnv","decl":{"start":{"line":4,"column":16},"end":{"line":4,"column":23}},"loc":{"start":{"line":4,"column":23},"end":{"line":14,"column":1}}}},"branchMap":{"0":{"loc":{"start":{"line":6,"column":4},"end":{"line":10,"column":16}},"type":"cond-expr","locations":[{"start":{"line":7,"column":8},"end":{"line":7,"column":19}},{"start":{"line":8,"column":8},"end":{"line":10,"column":16}}]},"1":{"loc":{"start":{"line":8,"column":8},"end":{"line":10,"column":16}},"type":"cond-expr","locations":[{"start":{"line":9,"column":10},"end":{"line":9,"column":28}},{"start":{"line":10,"column":10},"end":{"line":10,"column":16}}]}},"s":{"0":4,"1":4,"2":4,"3":4,"4":4,"5":4},"f":{"0":4},"b":{"0":[4,0],"1":[0,0]}}
,"/home/thiago/Área de Trabalho/Driven/concept-A-back-4/src/config/index.ts": {"path":"/home/thiago/Área de Trabalho/Driven/concept-A-back-4/src/config/index.ts","statementMap":{"0":{"start":{"line":1,"column":0},"end":{"line":1,"column":27}},"1":{"start":{"line":2,"column":0},"end":{"line":2,"column":23}}},"fnMap":{},"branchMap":{},"s":{"0":4,"1":4},"f":{},"b":{}}
,"/home/thiago/Área de Trabalho/Driven/concept-A-back-4/src/controllers/classes-controller.ts": {"path":"/home/thiago/Área de Trabalho/Driven/concept-A-back-4/src/controllers/classes-controller.ts","statementMap":{"0":{"start":{"line":2,"column":0},"end":{"line":2,"column":37}},"1":{"start":{"line":3,"column":0},"end":{"line":3,"column":57}},"2":{"start":{"line":7,"column":2},"end":{"line":11,"column":null}},"3":{"start":{"line":8,"column":29},"end":{"line":8,"column":65}},"4":{"start":{"line":9,"column":4},"end":{"line":9,"column":51}},"5":{"start":{"line":15,"column":26},"end":{"line":15,"column":52}},"6":{"start":{"line":16,"column":2},"end":{"line":25,"column":null}},"7":{"start":{"line":17,"column":26},"end":{"line":17,"column":72}},"8":{"start":{"line":18,"column":4},"end":{"line":18,"column":50}},"9":{"start":{"line":20,"column":4},"end":{"line":24,"column":null}},"10":{"start":{"line":21,"column":6},"end":{"line":23,"column":9}},"11":{"start":{"line":29,"column":22},"end":{"line":29,"column":45}},"12":{"start":{"line":30,"column":2},"end":{"line":39,"column":null}},"13":{"start":{"line":31,"column":26},"end":{"line":31,"column":71}},"14":{"start":{"line":32,"column":4},"end":{"line":32,"column":55}},"15":{"start":{"line":34,"column":4},"end":{"line":38,"column":null}},"16":{"start":{"line":35,"column":6},"end":{"line":37,"column":9}},"17":{"start":{"line":43,"column":22},"end":{"line":43,"column":45}},"18":{"start":{"line":44,"column":26},"end":{"line":44,"column":52}},"19":{"start":{"line":45,"column":2},"end":{"line":59,"column":null}},"20":{"start":{"line":46,"column":26},"end":{"line":46,"column":88}},"21":{"start":{"line":47,"column":4},"end":{"line":47,"column":50}},"22":{"start":{"line":49,"column":4},"end":{"line":53,"column":null}},"23":{"start":{"line":50,"column":6},"end":{"line":52,"column":9}},"24":{"start":{"line":54,"column":4},"end":{"line":58,"column":null}},"25":{"start":{"line":55,"column":6},"end":{"line":57,"column":9}},"26":{"start":{"line":63,"column":26},"end":{"line":63,"column":52}},"27":{"start":{"line":64,"column":2},"end":{"line":73,"column":null}},"28":{"start":{"line":65,"column":26},"end":{"line":65,"column":75}},"29":{"start":{"line":66,"column":4},"end":{"line":66,"column":61}},"30":{"start":{"line":68,"column":4},"end":{"line":72,"column":null}},"31":{"start":{"line":69,"column":6},"end":{"line":71,"column":9}},"32":{"start":{"line":77,"column":26},"end":{"line":77,"column":52}},"33":{"start":{"line":78,"column":2},"end":{"line":89,"column":null}},"34":{"start":{"line":79,"column":50},"end":{"line":81,"column":6}},"35":{"start":{"line":82,"column":4},"end":{"line":82,"column":52}},"36":{"start":{"line":84,"column":4},"end":{"line":88,"column":null}},"37":{"start":{"line":85,"column":6},"end":{"line":87,"column":9}},"38":{"start":{"line":93,"column":26},"end":{"line":93,"column":52}},"39":{"start":{"line":94,"column":2},"end":{"line":105,"column":null}},"40":{"start":{"line":95,"column":50},"end":{"line":97,"column":6}},"41":{"start":{"line":98,"column":4},"end":{"line":98,"column":52}},"42":{"start":{"line":100,"column":4},"end":{"line":104,"column":null}},"43":{"start":{"line":101,"column":6},"end":{"line":103,"column":9}},"44":{"start":{"line":109,"column":26},"end":{"line":109,"column":52}},"45":{"start":{"line":110,"column":28},"end":{"line":110,"column":56}},"46":{"start":{"line":111,"column":23},"end":{"line":111,"column":31}},"47":{"start":{"line":112,"column":2},"end":{"line":128,"column":null}},"48":{"start":{"line":113,"column":39},"end":{"line":115,"column":6}},"49":{"start":{"line":116,"column":4},"end":{"line":116,"column":61}},"50":{"start":{"line":118,"column":4},"end":{"line":122,"column":null}},"51":{"start":{"line":119,"column":6},"end":{"line":121,"column":9}},"52":{"start":{"line":123,"column":4},"end":{"line":127,"column":null}},"53":{"start":{"line":124,"column":6},"end":{"line":126,"column":9}},"54":{"start":{"line":132,"column":26},"end":{"line":132,"column":52}},"55":{"start":{"line":133,"column":28},"end":{"line":133,"column":56}},"56":{"start":{"line":134,"column":2},"end":{"line":145,"column":null}},"57":{"start":{"line":135,"column":39},"end":{"line":137,"column":6}},"58":{"start":{"line":138,"column":4},"end":{"line":138,"column":67}},"59":{"start":{"line":140,"column":4},"end":{"line":144,"column":null}},"60":{"start":{"line":141,"column":6},"end":{"line":143,"column":9}},"61":{"start":{"line":148,"column":13},"end":{"line":158,"column":null}}},"fnMap":{"0":{"name":"getAllClasses","decl":{"start":{"line":6,"column":15},"end":{"line":6,"column":28}},"loc":{"start":{"line":6,"column":56},"end":{"line":12,"column":1}}},"1":{"name":"getClass","decl":{"start":{"line":14,"column":15},"end":{"line":14,"column":23}},"loc":{"start":{"line":14,"column":51},"end":{"line":26,"column":1}}},"2":{"name":"createClass","decl":{"start":{"line":28,"column":15},"end":{"line":28,"column":26}},"loc":{"start":{"line":28,"column":54},"end":{"line":40,"column":1}}},"3":{"name":"updateClass","decl":{"start":{"line":42,"column":15},"end":{"line":42,"column":26}},"loc":{"start":{"line":42,"column":54},"end":{"line":60,"column":1}}},"4":{"name":"deleteClass","decl":{"start":{"line":62,"column":15},"end":{"line":62,"column":26}},"loc":{"start":{"line":62,"column":54},"end":{"line":74,"column":1}}},"5":{"name":"listProjectsByClass","decl":{"start":{"line":76,"column":15},"end":{"line":76,"column":34}},"loc":{"start":{"line":76,"column":62},"end":{"line":90,"column":1}}},"6":{"name":"listStudentsByClass","decl":{"start":{"line":92,"column":15},"end":{"line":92,"column":34}},"loc":{"start":{"line":92,"column":62},"end":{"line":106,"column":1}}},"7":{"name":"applyProject","decl":{"start":{"line":108,"column":15},"end":{"line":108,"column":27}},"loc":{"start":{"line":108,"column":55},"end":{"line":129,"column":1}}},"8":{"name":"removeProject","decl":{"start":{"line":131,"column":15},"end":{"line":131,"column":28}},"loc":{"start":{"line":131,"column":56},"end":{"line":146,"column":1}}}},"branchMap":{"0":{"loc":{"start":{"line":20,"column":4},"end":{"line":24,"column":null}},"type":"if","locations":[{"start":{"line":20,"column":4},"end":{"line":24,"column":null}}]},"1":{"loc":{"start":{"line":34,"column":4},"end":{"line":38,"column":null}},"type":"if","locations":[{"start":{"line":34,"column":4},"end":{"line":38,"column":null}}]},"2":{"loc":{"start":{"line":49,"column":4},"end":{"line":53,"column":null}},"type":"if","locations":[{"start":{"line":49,"column":4},"end":{"line":53,"column":null}}]},"3":{"loc":{"start":{"line":54,"column":4},"end":{"line":58,"column":null}},"type":"if","locations":[{"start":{"line":54,"column":4},"end":{"line":58,"column":null}}]},"4":{"loc":{"start":{"line":68,"column":4},"end":{"line":72,"column":null}},"type":"if","locations":[{"start":{"line":68,"column":4},"end":{"line":72,"column":null}}]},"5":{"loc":{"start":{"line":84,"column":4},"end":{"line":88,"column":null}},"type":"if","locations":[{"start":{"line":84,"column":4},"end":{"line":88,"column":null}}]},"6":{"loc":{"start":{"line":100,"column":4},"end":{"line":104,"column":null}},"type":"if","locations":[{"start":{"line":100,"column":4},"end":{"line":104,"column":null}}]},"7":{"loc":{"start":{"line":118,"column":4},"end":{"line":122,"column":null}},"type":"if","locations":[{"start":{"line":118,"column":4},"end":{"line":122,"column":null}}]},"8":{"loc":{"start":{"line":123,"column":4},"end":{"line":127,"column":null}},"type":"if","locations":[{"start":{"line":123,"column":4},"end":{"line":127,"column":null}}]},"9":{"loc":{"start":{"line":140,"column":4},"end":{"line":144,"column":null}},"type":"if","locations":[{"start":{"line":140,"column":4},"end":{"line":144,"column":null}}]}},"s":{"0":4,"1":4,"2":2,"3":2,"4":2,"5":2,"6":2,"7":2,"8":1,"9":1,"10":1,"11":2,"12":2,"13":2,"14":1,"15":1,"16":1,"17":3,"18":3,"19":3,"20":3,"21":1,"22":2,"23":1,"24":1,"25":1,"26":2,"27":2,"28":2,"29":1,"30":1,"31":1,"32":3,"33":3,"34":3,"35":2,"36":1,"37":1,"38":5,"39":5,"40":5,"41":4,"42":1,"43":1,"44":4,"45":4,"46":4,"47":4,"48":4,"49":1,"50":3,"51":2,"52":1,"53":1,"54":4,"55":4,"56":4,"57":4,"58":1,"59":3,"60":3,"61":4},"f":{"0":2,"1":2,"2":2,"3":3,"4":2,"5":3,"6":5,"7":4,"8":4},"b":{"0":[1],"1":[1],"2":[1],"3":[1],"4":[1],"5":[1],"6":[1],"7":[2],"8":[1],"9":[3]}}
,"/home/thiago/Área de Trabalho/Driven/concept-A-back-4/src/controllers/index.ts": {"path":"/home/thiago/Área de Trabalho/Driven/concept-A-back-4/src/controllers/index.ts","statementMap":{"0":{"start":{"line":1,"column":0},"end":{"line":1,"column":37}},"1":{"start":{"line":2,"column":0},"end":{"line":2,"column":38}},"2":{"start":{"line":3,"column":0},"end":{"line":3,"column":38}}},"fnMap":{},"branchMap":{},"s":{"0":4,"1":4,"2":4},"f":{},"b":{}}
,"/home/thiago/Área de Trabalho/Driven/concept-A-back-4/src/controllers/projects-controller.ts": {"path":"/home/thiago/Área de Trabalho/Driven/concept-A-back-4/src/controllers/projects-controller.ts","statementMap":{"0":{"start":{"line":2,"column":0},"end":{"line":2,"column":37}},"1":{"start":{"line":3,"column":0},"end":{"line":3,"column":60}},"2":{"start":{"line":7,"column":2},"end":{"line":14,"column":null}},"3":{"start":{"line":8,"column":32},"end":{"line":8,"column":70}},"4":{"start":{"line":9,"column":4},"end":{"line":9,"column":52}},"5":{"start":{"line":11,"column":4},"end":{"line":13,"column":7}},"6":{"start":{"line":18,"column":28},"end":{"line":18,"column":56}},"7":{"start":{"line":19,"column":2},"end":{"line":28,"column":null}},"8":{"start":{"line":20,"column":29},"end":{"line":20,"column":80}},"9":{"start":{"line":21,"column":4},"end":{"line":21,"column":51}},"10":{"start":{"line":23,"column":4},"end":{"line":27,"column":null}},"11":{"start":{"line":24,"column":6},"end":{"line":26,"column":9}},"12":{"start":{"line":32,"column":24},"end":{"line":32,"column":49}},"13":{"start":{"line":33,"column":2},"end":{"line":42,"column":null}},"14":{"start":{"line":34,"column":29},"end":{"line":34,"column":79}},"15":{"start":{"line":35,"column":4},"end":{"line":35,"column":56}},"16":{"start":{"line":37,"column":4},"end":{"line":41,"column":null}},"17":{"start":{"line":38,"column":6},"end":{"line":40,"column":9}},"18":{"start":{"line":46,"column":24},"end":{"line":46,"column":49}},"19":{"start":{"line":47,"column":28},"end":{"line":47,"column":56}},"20":{"start":{"line":48,"column":2},"end":{"line":62,"column":null}},"21":{"start":{"line":49,"column":29},"end":{"line":49,"column":98}},"22":{"start":{"line":50,"column":4},"end":{"line":50,"column":51}},"23":{"start":{"line":52,"column":4},"end":{"line":56,"column":null}},"24":{"start":{"line":53,"column":6},"end":{"line":55,"column":9}},"25":{"start":{"line":57,"column":4},"end":{"line":61,"column":null}},"26":{"start":{"line":58,"column":6},"end":{"line":60,"column":9}},"27":{"start":{"line":66,"column":28},"end":{"line":66,"column":56}},"28":{"start":{"line":67,"column":2},"end":{"line":76,"column":null}},"29":{"start":{"line":68,"column":29},"end":{"line":68,"column":83}},"30":{"start":{"line":69,"column":4},"end":{"line":69,"column":62}},"31":{"start":{"line":71,"column":4},"end":{"line":75,"column":null}},"32":{"start":{"line":72,"column":6},"end":{"line":74,"column":9}},"33":{"start":{"line":79,"column":13},"end":{"line":85,"column":null}}},"fnMap":{"0":{"name":"getAllProjects","decl":{"start":{"line":6,"column":15},"end":{"line":6,"column":29}},"loc":{"start":{"line":6,"column":57},"end":{"line":15,"column":1}}},"1":{"name":"getProject","decl":{"start":{"line":17,"column":15},"end":{"line":17,"column":25}},"loc":{"start":{"line":17,"column":53},"end":{"line":29,"column":1}}},"2":{"name":"createProject","decl":{"start":{"line":31,"column":15},"end":{"line":31,"column":28}},"loc":{"start":{"line":31,"column":56},"end":{"line":43,"column":1}}},"3":{"name":"updateProject","decl":{"start":{"line":45,"column":15},"end":{"line":45,"column":28}},"loc":{"start":{"line":45,"column":56},"end":{"line":63,"column":1}}},"4":{"name":"deleteProject","decl":{"start":{"line":65,"column":15},"end":{"line":65,"column":28}},"loc":{"start":{"line":65,"column":56},"end":{"line":77,"column":1}}}},"branchMap":{"0":{"loc":{"start":{"line":23,"column":4},"end":{"line":27,"column":null}},"type":"if","locations":[{"start":{"line":23,"column":4},"end":{"line":27,"column":null}}]},"1":{"loc":{"start":{"line":37,"column":4},"end":{"line":41,"column":null}},"type":"if","locations":[{"start":{"line":37,"column":4},"end":{"line":41,"column":null}}]},"2":{"loc":{"start":{"line":52,"column":4},"end":{"line":56,"column":null}},"type":"if","locations":[{"start":{"line":52,"column":4},"end":{"line":56,"column":null}}]},"3":{"loc":{"start":{"line":57,"column":4},"end":{"line":61,"column":null}},"type":"if","locations":[{"start":{"line":57,"column":4},"end":{"line":61,"column":null}}]},"4":{"loc":{"start":{"line":71,"column":4},"end":{"line":75,"column":null}},"type":"if","locations":[{"start":{"line":71,"column":4},"end":{"line":75,"column":null}}]}},"s":{"0":4,"1":4,"2":2,"3":2,"4":2,"5":0,"6":2,"7":2,"8":2,"9":1,"10":1,"11":1,"12":2,"13":2,"14":2,"15":1,"16":1,"17":1,"18":3,"19":3,"20":3,"21":3,"22":1,"23":2,"24":1,"25":1,"26":1,"27":2,"28":2,"29":2,"30":1,"31":1,"32":1,"33":4},"f":{"0":2,"1":2,"2":2,"3":3,"4":2},"b":{"0":[1],"1":[1],"2":[1],"3":[1],"4":[1]}}
,"/home/thiago/Área de Trabalho/Driven/concept-A-back-4/src/controllers/students-controller.ts": {"path":"/home/thiago/Área de Trabalho/Driven/concept-A-back-4/src/controllers/students-controller.ts","statementMap":{"0":{"start":{"line":2,"column":0},"end":{"line":2,"column":37}},"1":{"start":{"line":3,"column":0},"end":{"line":3,"column":60}},"2":{"start":{"line":7,"column":2},"end":{"line":14,"column":null}},"3":{"start":{"line":8,"column":32},"end":{"line":8,"column":70}},"4":{"start":{"line":9,"column":4},"end":{"line":9,"column":52}},"5":{"start":{"line":11,"column":4},"end":{"line":13,"column":7}},"6":{"start":{"line":18,"column":28},"end":{"line":18,"column":56}},"7":{"start":{"line":19,"column":2},"end":{"line":28,"column":null}},"8":{"start":{"line":20,"column":29},"end":{"line":20,"column":84}},"9":{"start":{"line":21,"column":4},"end":{"line":21,"column":51}},"10":{"start":{"line":23,"column":4},"end":{"line":27,"column":null}},"11":{"start":{"line":24,"column":6},"end":{"line":26,"column":9}},"12":{"start":{"line":32,"column":25},"end":{"line":32,"column":50}},"13":{"start":{"line":33,"column":2},"end":{"line":47,"column":null}},"14":{"start":{"line":34,"column":29},"end":{"line":34,"column":80}},"15":{"start":{"line":35,"column":4},"end":{"line":35,"column":56}},"16":{"start":{"line":37,"column":4},"end":{"line":41,"column":null}},"17":{"start":{"line":38,"column":6},"end":{"line":40,"column":9}},"18":{"start":{"line":42,"column":4},"end":{"line":46,"column":null}},"19":{"start":{"line":43,"column":6},"end":{"line":45,"column":9}},"20":{"start":{"line":51,"column":24},"end":{"line":51,"column":49}},"21":{"start":{"line":52,"column":28},"end":{"line":52,"column":56}},"22":{"start":{"line":53,"column":2},"end":{"line":67,"column":null}},"23":{"start":{"line":54,"column":29},"end":{"line":54,"column":98}},"24":{"start":{"line":55,"column":4},"end":{"line":55,"column":51}},"25":{"start":{"line":57,"column":4},"end":{"line":61,"column":null}},"26":{"start":{"line":58,"column":6},"end":{"line":60,"column":9}},"27":{"start":{"line":62,"column":4},"end":{"line":66,"column":null}},"28":{"start":{"line":63,"column":6},"end":{"line":65,"column":9}},"29":{"start":{"line":71,"column":28},"end":{"line":71,"column":56}},"30":{"start":{"line":72,"column":2},"end":{"line":81,"column":null}},"31":{"start":{"line":73,"column":29},"end":{"line":73,"column":83}},"32":{"start":{"line":74,"column":4},"end":{"line":74,"column":62}},"33":{"start":{"line":76,"column":4},"end":{"line":80,"column":null}},"34":{"start":{"line":77,"column":6},"end":{"line":79,"column":9}},"35":{"start":{"line":84,"column":13},"end":{"line":90,"column":null}}},"fnMap":{"0":{"name":"getAllStudents","decl":{"start":{"line":6,"column":15},"end":{"line":6,"column":29}},"loc":{"start":{"line":6,"column":57},"end":{"line":15,"column":1}}},"1":{"name":"getStudentById","decl":{"start":{"line":17,"column":15},"end":{"line":17,"column":29}},"loc":{"start":{"line":17,"column":57},"end":{"line":29,"column":1}}},"2":{"name":"createStudent","decl":{"start":{"line":31,"column":15},"end":{"line":31,"column":28}},"loc":{"start":{"line":31,"column":56},"end":{"line":48,"column":1}}},"3":{"name":"updateStudent","decl":{"start":{"line":50,"column":15},"end":{"line":50,"column":28}},"loc":{"start":{"line":50,"column":56},"end":{"line":68,"column":1}}},"4":{"name":"deleteStudent","decl":{"start":{"line":70,"column":15},"end":{"line":70,"column":28}},"loc":{"start":{"line":70,"column":56},"end":{"line":82,"column":1}}}},"branchMap":{"0":{"loc":{"start":{"line":23,"column":4},"end":{"line":27,"column":null}},"type":"if","locations":[{"start":{"line":23,"column":4},"end":{"line":27,"column":null}}]},"1":{"loc":{"start":{"line":37,"column":4},"end":{"line":41,"column":null}},"type":"if","locations":[{"start":{"line":37,"column":4},"end":{"line":41,"column":null}}]},"2":{"loc":{"start":{"line":42,"column":4},"end":{"line":46,"column":null}},"type":"if","locations":[{"start":{"line":42,"column":4},"end":{"line":46,"column":null}}]},"3":{"loc":{"start":{"line":57,"column":4},"end":{"line":61,"column":null}},"type":"if","locations":[{"start":{"line":57,"column":4},"end":{"line":61,"column":null}}]},"4":{"loc":{"start":{"line":62,"column":4},"end":{"line":66,"column":null}},"type":"if","locations":[{"start":{"line":62,"column":4},"end":{"line":66,"column":null}}]},"5":{"loc":{"start":{"line":76,"column":4},"end":{"line":80,"column":null}},"type":"if","locations":[{"start":{"line":76,"column":4},"end":{"line":80,"column":null}}]}},"s":{"0":4,"1":4,"2":2,"3":2,"4":2,"5":0,"6":2,"7":2,"8":2,"9":1,"10":1,"11":1,"12":3,"13":3,"14":3,"15":1,"16":2,"17":1,"18":1,"19":1,"20":3,"21":3,"22":3,"23":3,"24":1,"25":2,"26":1,"27":1,"28":1,"29":2,"30":2,"31":2,"32":1,"33":1,"34":1,"35":4},"f":{"0":2,"1":2,"2":3,"3":3,"4":2},"b":{"0":[1],"1":[1],"2":[1],"3":[1],"4":[1],"5":[1]}}
,"/home/thiago/Área de Trabalho/Driven/concept-A-back-4/src/errors/conflict-error.ts": {"path":"/home/thiago/Área de Trabalho/Driven/concept-A-back-4/src/errors/conflict-error.ts","statementMap":{"0":{"start":{"line":4,"column":2},"end":{"line":7,"column":4}},"1":{"start":{"line":3,"column":0},"end":{"line":3,"column":16}}},"fnMap":{"0":{"name":"conflictError","decl":{"start":{"line":3,"column":16},"end":{"line":3,"column":29}},"loc":{"start":{"line":3,"column":45},"end":{"line":8,"column":1}}}},"branchMap":{},"s":{"0":1,"1":4},"f":{"0":1},"b":{}}
,"/home/thiago/Área de Trabalho/Driven/concept-A-back-4/src/errors/duplicated-name-error.ts": {"path":"/home/thiago/Área de Trabalho/Driven/concept-A-back-4/src/errors/duplicated-name-error.ts","statementMap":{"0":{"start":{"line":4,"column":2},"end":{"line":7,"column":4}},"1":{"start":{"line":3,"column":0},"end":{"line":3,"column":16}}},"fnMap":{"0":{"name":"duplicatedNameError","decl":{"start":{"line":3,"column":16},"end":{"line":3,"column":35}},"loc":{"start":{"line":3,"column":50},"end":{"line":8,"column":1}}}},"branchMap":{},"s":{"0":6,"1":4},"f":{"0":6},"b":{}}
,"/home/thiago/Área de Trabalho/Driven/concept-A-back-4/src/errors/index.ts": {"path":"/home/thiago/Área de Trabalho/Driven/concept-A-back-4/src/errors/index.ts","statementMap":{"0":{"start":{"line":1,"column":0},"end":{"line":1,"column":33}},"1":{"start":{"line":2,"column":0},"end":{"line":2,"column":40}},"2":{"start":{"line":3,"column":0},"end":{"line":3,"column":37}},"3":{"start":{"line":4,"column":0},"end":{"line":4,"column":34}}},"fnMap":{},"branchMap":{},"s":{"0":4,"1":4,"2":4,"3":4},"f":{},"b":{}}
,"/home/thiago/Área de Trabalho/Driven/concept-A-back-4/src/errors/invalid-data-error.ts": {"path":"/home/thiago/Área de Trabalho/Driven/concept-A-back-4/src/errors/invalid-data-error.ts","statementMap":{"0":{"start":{"line":4,"column":2},"end":{"line":8,"column":4}},"1":{"start":{"line":3,"column":0},"end":{"line":3,"column":16}}},"fnMap":{"0":{"name":"invalidDataError","decl":{"start":{"line":3,"column":16},"end":{"line":3,"column":32}},"loc":{"start":{"line":3,"column":50},"end":{"line":9,"column":1}}}},"branchMap":{},"s":{"0":14,"1":4},"f":{"0":14},"b":{}}
,"/home/thiago/Área de Trabalho/Driven/concept-A-back-4/src/errors/not-found-error.ts": {"path":"/home/thiago/Área de Trabalho/Driven/concept-A-back-4/src/errors/not-found-error.ts","statementMap":{"0":{"start":{"line":4,"column":2},"end":{"line":7,"column":4}},"1":{"start":{"line":3,"column":0},"end":{"line":3,"column":16}}},"fnMap":{"0":{"name":"notFoundError","decl":{"start":{"line":3,"column":16},"end":{"line":3,"column":29}},"loc":{"start":{"line":3,"column":45},"end":{"line":8,"column":1}}}},"branchMap":{},"s":{"0":17,"1":4},"f":{"0":17},"b":{}}
,"/home/thiago/Área de Trabalho/Driven/concept-A-back-4/src/middlewares/error-handling-middleware.ts": {"path":"/home/thiago/Área de Trabalho/Driven/concept-A-back-4/src/middlewares/error-handling-middleware.ts","statementMap":{"0":{"start":{"line":3,"column":0},"end":{"line":3,"column":37}},"1":{"start":{"line":7,"column":2},"end":{"line":7,"column":28}},"2":{"start":{"line":8,"column":2},"end":{"line":11,"column":5}},"3":{"start":{"line":5,"column":0},"end":{"line":5,"column":16}}},"fnMap":{"0":{"name":"handleApplicationErrors","decl":{"start":{"line":5,"column":16},"end":{"line":5,"column":39}},"loc":{"start":{"line":5,"column":101},"end":{"line":12,"column":1}}}},"branchMap":{},"s":{"0":4,"1":0,"2":0,"3":4},"f":{"0":0},"b":{}}
,"/home/thiago/Área de Trabalho/Driven/concept-A-back-4/src/middlewares/index.ts": {"path":"/home/thiago/Área de Trabalho/Driven/concept-A-back-4/src/middlewares/index.ts","statementMap":{"0":{"start":{"line":1,"column":0},"end":{"line":1,"column":36}},"1":{"start":{"line":2,"column":0},"end":{"line":2,"column":44}}},"fnMap":{},"branchMap":{},"s":{"0":4,"1":4},"f":{},"b":{}}
,"/home/thiago/Área de Trabalho/Driven/concept-A-back-4/src/middlewares/schema-middleware.ts": {"path":"/home/thiago/Área de Trabalho/Driven/concept-A-back-4/src/middlewares/schema-middleware.ts","statementMap":{"0":{"start":{"line":2,"column":0},"end":{"line":2,"column":37}},"1":{"start":{"line":4,"column":0},"end":{"line":4,"column":44}},"2":{"start":{"line":7,"column":2},"end":{"line":14,"column":4}},"3":{"start":{"line":8,"column":22},"end":{"line":8,"column":70}},"4":{"start":{"line":9,"column":4},"end":{"line":12,"column":null}},"5":{"start":{"line":10,"column":6},"end":{"line":10,"column":101}},"6":{"start":{"line":10,"column":88},"end":{"line":10,"column":97}},"7":{"start":{"line":11,"column":6},"end":{"line":11,"column":13}},"8":{"start":{"line":13,"column":4},"end":{"line":13,"column":11}},"9":{"start":{"line":6,"column":0},"end":{"line":6,"column":16}}},"fnMap":{"0":{"name":"validateSchema","decl":{"start":{"line":6,"column":16},"end":{"line":6,"column":30}},"loc":{"start":{"line":6,"column":49},"end":{"line":15,"column":1}}},"1":{"name":"(anonymous_2)","decl":{"start":{"line":7,"column":9},"end":{"line":7,"column":10}},"loc":{"start":{"line":7,"column":61},"end":{"line":14,"column":3}}},"2":{"name":"(anonymous_3)","decl":{"start":{"line":10,"column":81},"end":{"line":10,"column":82}},"loc":{"start":{"line":10,"column":88},"end":{"line":10,"column":97}}}},"branchMap":{"0":{"loc":{"start":{"line":9,"column":4},"end":{"line":12,"column":null}},"type":"if","locations":[{"start":{"line":9,"column":4},"end":{"line":12,"column":null}}]}},"s":{"0":4,"1":4,"2":28,"3":34,"4":34,"5":14,"6":25,"7":14,"8":20,"9":4},"f":{"0":28,"1":34,"2":25},"b":{"0":[14]}}
,"/home/thiago/Área de Trabalho/Driven/concept-A-back-4/src/models/classes-model.ts": {"path":"/home/thiago/Área de Trabalho/Driven/concept-A-back-4/src/models/classes-model.ts","statementMap":{"0":{"start":{"line":1,"column":0},"end":{"line":1,"column":22}},"1":{"start":{"line":3,"column":13},"end":{"line":5,"column":3}}},"fnMap":{},"branchMap":{},"s":{"0":4,"1":4},"f":{},"b":{}}
,"/home/thiago/Área de Trabalho/Driven/concept-A-back-4/src/models/index.ts": {"path":"/home/thiago/Área de Trabalho/Driven/concept-A-back-4/src/models/index.ts","statementMap":{"0":{"start":{"line":1,"column":0},"end":{"line":1,"column":32}},"1":{"start":{"line":2,"column":0},"end":{"line":2,"column":33}},"2":{"start":{"line":3,"column":0},"end":{"line":3,"column":33}},"3":{"start":{"line":4,"column":0},"end":{"line":4,"column":37}}},"fnMap":{},"branchMap":{},"s":{"0":4,"1":4,"2":4,"3":4},"f":{},"b":{}}
,"/home/thiago/Área de Trabalho/Driven/concept-A-back-4/src/models/projectClass-model.ts": {"path":"/home/thiago/Área de Trabalho/Driven/concept-A-back-4/src/models/projectClass-model.ts","statementMap":{"0":{"start":{"line":1,"column":0},"end":{"line":1,"column":22}},"1":{"start":{"line":3,"column":13},"end":{"line":5,"column":3}}},"fnMap":{},"branchMap":{},"s":{"0":4,"1":4},"f":{},"b":{}}
,"/home/thiago/Área de Trabalho/Driven/concept-A-back-4/src/models/projects-model.ts": {"path":"/home/thiago/Área de Trabalho/Driven/concept-A-back-4/src/models/projects-model.ts","statementMap":{"0":{"start":{"line":1,"column":0},"end":{"line":1,"column":22}},"1":{"start":{"line":3,"column":13},"end":{"line":5,"column":3}}},"fnMap":{},"branchMap":{},"s":{"0":4,"1":4},"f":{},"b":{}}
,"/home/thiago/Área de Trabalho/Driven/concept-A-back-4/src/models/students-model.ts": {"path":"/home/thiago/Área de Trabalho/Driven/concept-A-back-4/src/models/students-model.ts","statementMap":{"0":{"start":{"line":1,"column":0},"end":{"line":1,"column":22}},"1":{"start":{"line":3,"column":13},"end":{"line":6,"column":3}}},"fnMap":{},"branchMap":{},"s":{"0":4,"1":4},"f":{},"b":{}}
,"/home/thiago/Área de Trabalho/Driven/concept-A-back-4/src/repositories/classes-repository.ts": {"path":"/home/thiago/Área de Trabalho/Driven/concept-A-back-4/src/repositories/classes-repository.ts","statementMap":{"0":{"start":{"line":2,"column":0},"end":{"line":2,"column":34}},"1":{"start":{"line":6,"column":2},"end":{"line":18,"column":5}},"2":{"start":{"line":22,"column":2},"end":{"line":35,"column":5}},"3":{"start":{"line":39,"column":2},"end":{"line":41,"column":5}},"4":{"start":{"line":45,"column":2},"end":{"line":47,"column":5}},"5":{"start":{"line":51,"column":2},"end":{"line":54,"column":5}},"6":{"start":{"line":58,"column":2},"end":{"line":60,"column":5}},"7":{"start":{"line":64,"column":2},"end":{"line":80,"column":5}},"8":{"start":{"line":84,"column":2},"end":{"line":96,"column":5}},"9":{"start":{"line":99,"column":13},"end":{"line":108,"column":2}}},"fnMap":{"0":{"name":"getAll","decl":{"start":{"line":5,"column":9},"end":{"line":5,"column":15}},"loc":{"start":{"line":5,"column":15},"end":{"line":19,"column":1}}},"1":{"name":"findById","decl":{"start":{"line":21,"column":9},"end":{"line":21,"column":17}},"loc":{"start":{"line":21,"column":28},"end":{"line":36,"column":1}}},"2":{"name":"findByName","decl":{"start":{"line":38,"column":9},"end":{"line":38,"column":19}},"loc":{"start":{"line":38,"column":32},"end":{"line":42,"column":1}}},"3":{"name":"create","decl":{"start":{"line":44,"column":9},"end":{"line":44,"column":15}},"loc":{"start":{"line":44,"column":39},"end":{"line":48,"column":1}}},"4":{"name":"update","decl":{"start":{"line":50,"column":9},"end":{"line":50,"column":15}},"loc":{"start":{"line":50,"column":51},"end":{"line":55,"column":1}}},"5":{"name":"deleteClass","decl":{"start":{"line":57,"column":9},"end":{"line":57,"column":20}},"loc":{"start":{"line":57,"column":31},"end":{"line":61,"column":1}}},"6":{"name":"listProjectsByClass","decl":{"start":{"line":63,"column":9},"end":{"line":63,"column":28}},"loc":{"start":{"line":63,"column":39},"end":{"line":81,"column":1}}},"7":{"name":"listStudentsByClass","decl":{"start":{"line":83,"column":9},"end":{"line":83,"column":28}},"loc":{"start":{"line":83,"column":39},"end":{"line":97,"column":1}}}},"branchMap":{},"s":{"0":4,"1":2,"2":28,"3":4,"4":1,"5":1,"6":1,"7":2,"8":4,"9":4},"f":{"0":2,"1":28,"2":4,"3":1,"4":1,"5":1,"6":2,"7":4},"b":{}}
,"/home/thiago/Área de Trabalho/Driven/concept-A-back-4/src/repositories/index.ts": {"path":"/home/thiago/Área de Trabalho/Driven/concept-A-back-4/src/repositories/index.ts","statementMap":{"0":{"start":{"line":1,"column":0},"end":{"line":1,"column":37}},"1":{"start":{"line":2,"column":0},"end":{"line":2,"column":38}},"2":{"start":{"line":3,"column":0},"end":{"line":3,"column":38}},"3":{"start":{"line":4,"column":0},"end":{"line":4,"column":45}}},"fnMap":{},"branchMap":{},"s":{"0":4,"1":4,"2":4,"3":4},"f":{},"b":{}}
,"/home/thiago/Área de Trabalho/Driven/concept-A-back-4/src/repositories/projects-repository.ts": {"path":"/home/thiago/Área de Trabalho/Driven/concept-A-back-4/src/repositories/projects-repository.ts","statementMap":{"0":{"start":{"line":1,"column":0},"end":{"line":1,"column":34}},"1":{"start":{"line":6,"column":2},"end":{"line":10,"column":5}},"2":{"start":{"line":14,"column":2},"end":{"line":16,"column":5}},"3":{"start":{"line":20,"column":2},"end":{"line":22,"column":5}},"4":{"start":{"line":26,"column":2},"end":{"line":28,"column":5}},"5":{"start":{"line":32,"column":2},"end":{"line":35,"column":5}},"6":{"start":{"line":39,"column":2},"end":{"line":41,"column":5}},"7":{"start":{"line":44,"column":13},"end":{"line":51,"column":2}}},"fnMap":{"0":{"name":"getAll","decl":{"start":{"line":5,"column":9},"end":{"line":5,"column":15}},"loc":{"start":{"line":5,"column":15},"end":{"line":11,"column":1}}},"1":{"name":"findById","decl":{"start":{"line":13,"column":9},"end":{"line":13,"column":17}},"loc":{"start":{"line":13,"column":28},"end":{"line":17,"column":1}}},"2":{"name":"findByName","decl":{"start":{"line":19,"column":9},"end":{"line":19,"column":19}},"loc":{"start":{"line":19,"column":32},"end":{"line":23,"column":1}}},"3":{"name":"create","decl":{"start":{"line":25,"column":9},"end":{"line":25,"column":15}},"loc":{"start":{"line":25,"column":44},"end":{"line":29,"column":1}}},"4":{"name":"update","decl":{"start":{"line":31,"column":9},"end":{"line":31,"column":15}},"loc":{"start":{"line":31,"column":56},"end":{"line":36,"column":1}}},"5":{"name":"deleteProject","decl":{"start":{"line":38,"column":9},"end":{"line":38,"column":22}},"loc":{"start":{"line":38,"column":33},"end":{"line":42,"column":1}}}},"branchMap":{},"s":{"0":4,"1":2,"2":14,"3":4,"4":1,"5":1,"6":1,"7":4},"f":{"0":2,"1":14,"2":4,"3":1,"4":1,"5":1},"b":{}}
,"/home/thiago/Área de Trabalho/Driven/concept-A-back-4/src/repositories/projectsClasses-repository.ts": {"path":"/home/thiago/Área de Trabalho/Driven/concept-A-back-4/src/repositories/projectsClasses-repository.ts","statementMap":{"0":{"start":{"line":1,"column":0},"end":{"line":1,"column":34}},"1":{"start":{"line":7,"column":2},"end":{"line":9,"column":5}},"2":{"start":{"line":13,"column":2},"end":{"line":15,"column":5}},"3":{"start":{"line":19,"column":2},"end":{"line":21,"column":5}},"4":{"start":{"line":24,"column":13},"end":{"line":28,"column":2}}},"fnMap":{"0":{"name":"applyProject","decl":{"start":{"line":6,"column":9},"end":{"line":6,"column":21}},"loc":{"start":{"line":6,"column":60},"end":{"line":10,"column":1}}},"1":{"name":"findProjectApplied","decl":{"start":{"line":12,"column":9},"end":{"line":12,"column":27}},"loc":{"start":{"line":12,"column":84},"end":{"line":16,"column":1}}},"2":{"name":"removeProject","decl":{"start":{"line":18,"column":9},"end":{"line":18,"column":22}},"loc":{"start":{"line":18,"column":33},"end":{"line":22,"column":1}}}},"branchMap":{},"s":{"0":4,"1":1,"2":4,"3":1,"4":4},"f":{"0":1,"1":4,"2":1},"b":{}}
,"/home/thiago/Área de Trabalho/Driven/concept-A-back-4/src/repositories/students-repository.ts": {"path":"/home/thiago/Área de Trabalho/Driven/concept-A-back-4/src/repositories/students-repository.ts","statementMap":{"0":{"start":{"line":1,"column":0},"end":{"line":1,"column":34}},"1":{"start":{"line":6,"column":2},"end":{"line":10,"column":5}},"2":{"start":{"line":14,"column":2},"end":{"line":16,"column":5}},"3":{"start":{"line":20,"column":2},"end":{"line":22,"column":5}},"4":{"start":{"line":26,"column":2},"end":{"line":28,"column":5}},"5":{"start":{"line":32,"column":2},"end":{"line":35,"column":5}},"6":{"start":{"line":39,"column":2},"end":{"line":41,"column":5}},"7":{"start":{"line":44,"column":13},"end":{"line":51,"column":2}}},"fnMap":{"0":{"name":"getAll","decl":{"start":{"line":5,"column":9},"end":{"line":5,"column":15}},"loc":{"start":{"line":5,"column":15},"end":{"line":11,"column":1}}},"1":{"name":"findById","decl":{"start":{"line":13,"column":9},"end":{"line":13,"column":17}},"loc":{"start":{"line":13,"column":28},"end":{"line":17,"column":1}}},"2":{"name":"findByName","decl":{"start":{"line":19,"column":9},"end":{"line":19,"column":19}},"loc":{"start":{"line":19,"column":32},"end":{"line":23,"column":1}}},"3":{"name":"create","decl":{"start":{"line":25,"column":9},"end":{"line":25,"column":15}},"loc":{"start":{"line":25,"column":38},"end":{"line":29,"column":1}}},"4":{"name":"update","decl":{"start":{"line":31,"column":9},"end":{"line":31,"column":15}},"loc":{"start":{"line":31,"column":50},"end":{"line":36,"column":1}}},"5":{"name":"deleteStudent","decl":{"start":{"line":38,"column":9},"end":{"line":38,"column":22}},"loc":{"start":{"line":38,"column":33},"end":{"line":42,"column":1}}}},"branchMap":{},"s":{"0":4,"1":2,"2":8,"3":5,"4":1,"5":1,"6":1,"7":4},"f":{"0":2,"1":8,"2":5,"3":1,"4":1,"5":1},"b":{}}
,"/home/thiago/Área de Trabalho/Driven/concept-A-back-4/src/routes/classes-router.ts": {"path":"/home/thiago/Área de Trabalho/Driven/concept-A-back-4/src/routes/classes-router.ts","statementMap":{"0":{"start":{"line":1,"column":0},"end":{"line":1,"column":33}},"1":{"start":{"line":2,"column":0},"end":{"line":2,"column":61}},"2":{"start":{"line":3,"column":0},"end":{"line":3,"column":47}},"3":{"start":{"line":4,"column":0},"end":{"line":4,"column":48}},"4":{"start":{"line":6,"column":22},"end":{"line":6,"column":30}},"5":{"start":{"line":19,"column":9},"end":{"line":19,"column":22}},"6":{"start":{"line":8,"column":0},"end":{"line":17,"column":74}}},"fnMap":{},"branchMap":{},"s":{"0":4,"1":4,"2":4,"3":4,"4":4,"5":4,"6":4},"f":{},"b":{}}
,"/home/thiago/Área de Trabalho/Driven/concept-A-back-4/src/routes/index.ts": {"path":"/home/thiago/Área de Trabalho/Driven/concept-A-back-4/src/routes/index.ts","statementMap":{"0":{"start":{"line":1,"column":0},"end":{"line":1,"column":33}},"1":{"start":{"line":2,"column":0},"end":{"line":2,"column":34}},"2":{"start":{"line":3,"column":0},"end":{"line":3,"column":34}}},"fnMap":{},"branchMap":{},"s":{"0":4,"1":4,"2":4},"f":{},"b":{}}
,"/home/thiago/Área de Trabalho/Driven/concept-A-back-4/src/routes/projects-router.ts": {"path":"/home/thiago/Área de Trabalho/Driven/concept-A-back-4/src/routes/projects-router.ts","statementMap":{"0":{"start":{"line":1,"column":0},"end":{"line":1,"column":33}},"1":{"start":{"line":2,"column":0},"end":{"line":2,"column":41}},"2":{"start":{"line":3,"column":0},"end":{"line":3,"column":47}},"3":{"start":{"line":4,"column":0},"end":{"line":4,"column":50}},"4":{"start":{"line":6,"column":23},"end":{"line":6,"column":31}},"5":{"start":{"line":15,"column":9},"end":{"line":15,"column":23}},"6":{"start":{"line":8,"column":0},"end":{"line":13,"column":58}}},"fnMap":{},"branchMap":{},"s":{"0":4,"1":4,"2":4,"3":4,"4":4,"5":4,"6":4},"f":{},"b":{}}
,"/home/thiago/Área de Trabalho/Driven/concept-A-back-4/src/routes/students-router.ts": {"path":"/home/thiago/Área de Trabalho/Driven/concept-A-back-4/src/routes/students-router.ts","statementMap":{"0":{"start":{"line":1,"column":0},"end":{"line":1,"column":33}},"1":{"start":{"line":2,"column":0},"end":{"line":2,"column":42}},"2":{"start":{"line":3,"column":0},"end":{"line":3,"column":47}},"3":{"start":{"line":4,"column":0},"end":{"line":4,"column":67}},"4":{"start":{"line":6,"column":23},"end":{"line":6,"column":31}},"5":{"start":{"line":16,"column":9},"end":{"line":16,"column":23}},"6":{"start":{"line":8,"column":0},"end":{"line":14,"column":58}}},"fnMap":{},"branchMap":{},"s":{"0":4,"1":4,"2":4,"3":4,"4":4,"5":4,"6":4},"f":{},"b":{}}
,"/home/thiago/Área de Trabalho/Driven/concept-A-back-4/src/services/classes-service.ts": {"path":"/home/thiago/Área de Trabalho/Driven/concept-A-back-4/src/services/classes-service.ts","statementMap":{"0":{"start":{"line":9,"column":0},"end":{"line":9,"column":77}},"1":{"start":{"line":10,"column":0},"end":{"line":10,"column":92}},"2":{"start":{"line":13,"column":36},"end":{"line":13,"column":66}},"3":{"start":{"line":14,"column":2},"end":{"line":22,"column":5}},"4":{"start":{"line":15,"column":4},"end":{"line":21,"column":6}},"5":{"start":{"line":12,"column":0},"end":{"line":12,"column":7}},"6":{"start":{"line":26,"column":2},"end":{"line":26,"column":40}},"7":{"start":{"line":27,"column":33},"end":{"line":27,"column":67}},"8":{"start":{"line":28,"column":2},"end":{"line":34,"column":4}},"9":{"start":{"line":25,"column":0},"end":{"line":25,"column":7}},"10":{"start":{"line":38,"column":2},"end":{"line":38,"column":40}},"11":{"start":{"line":39,"column":49},"end":{"line":39,"column":94}},"12":{"start":{"line":40,"column":2},"end":{"line":51,"column":4}},"13":{"start":{"line":44,"column":6},"end":{"line":48,"column":8}},"14":{"start":{"line":37,"column":0},"end":{"line":37,"column":7}},"15":{"start":{"line":55,"column":2},"end":{"line":55,"column":40}},"16":{"start":{"line":56,"column":49},"end":{"line":56,"column":94}},"17":{"start":{"line":57,"column":2},"end":{"line":67,"column":4}},"18":{"start":{"line":61,"column":6},"end":{"line":64,"column":8}},"19":{"start":{"line":54,"column":0},"end":{"line":54,"column":7}},"20":{"start":{"line":71,"column":2},"end":{"line":71,"column":45}},"21":{"start":{"line":72,"column":2},"end":{"line":72,"column":44}},"22":{"start":{"line":70,"column":0},"end":{"line":70,"column":7}},"23":{"start":{"line":76,"column":2},"end":{"line":76,"column":64}},"24":{"start":{"line":77,"column":2},"end":{"line":77,"column":68}},"25":{"start":{"line":78,"column":2},"end":{"line":79,"column":92}},"26":{"start":{"line":80,"column":2},"end":{"line":80,"column":65}},"27":{"start":{"line":75,"column":0},"end":{"line":75,"column":7}},"28":{"start":{"line":84,"column":2},"end":{"line":84,"column":40}},"29":{"start":{"line":85,"column":2},"end":{"line":85,"column":45}},"30":{"start":{"line":86,"column":2},"end":{"line":86,"column":48}},"31":{"start":{"line":83,"column":0},"end":{"line":83,"column":7}},"32":{"start":{"line":90,"column":2},"end":{"line":90,"column":40}},"33":{"start":{"line":91,"column":2},"end":{"line":91,"column":41}},"34":{"start":{"line":89,"column":0},"end":{"line":89,"column":7}},"35":{"start":{"line":95,"column":2},"end":{"line":95,"column":64}},"36":{"start":{"line":96,"column":2},"end":{"line":96,"column":68}},"37":{"start":{"line":97,"column":37},"end":{"line":98,"column":92}},"38":{"start":{"line":99,"column":2},"end":{"line":99,"column":62}},"39":{"start":{"line":100,"column":2},"end":{"line":100,"column":22}},"40":{"start":{"line":94,"column":0},"end":{"line":94,"column":7}},"41":{"start":{"line":104,"column":35},"end":{"line":104,"column":84}},"42":{"start":{"line":105,"column":2},"end":{"line":107,"column":null}},"43":{"start":{"line":106,"column":4},"end":{"line":106,"column":39}},"44":{"start":{"line":111,"column":29},"end":{"line":111,"column":68}},"45":{"start":{"line":112,"column":2},"end":{"line":114,"column":null}},"46":{"start":{"line":113,"column":4},"end":{"line":113,"column":59}},"47":{"start":{"line":118,"column":33},"end":{"line":118,"column":76}},"48":{"start":{"line":119,"column":2},"end":{"line":121,"column":null}},"49":{"start":{"line":120,"column":4},"end":{"line":120,"column":61}},"50":{"start":{"line":128,"column":46},"end":{"line":128,"column":113}},"51":{"start":{"line":129,"column":2},"end":{"line":137,"column":null}},"52":{"start":{"line":130,"column":4},"end":{"line":132,"column":null}},"53":{"start":{"line":131,"column":6},"end":{"line":131,"column":81}},"54":{"start":{"line":134,"column":4},"end":{"line":136,"column":null}},"55":{"start":{"line":135,"column":6},"end":{"line":135,"column":72}},"56":{"start":{"line":138,"column":2},"end":{"line":138,"column":31}},"57":{"start":{"line":164,"column":13},"end":{"line":174,"column":2}}},"fnMap":{"0":{"name":"getAllClasses","decl":{"start":{"line":12,"column":22},"end":{"line":12,"column":35}},"loc":{"start":{"line":12,"column":35},"end":{"line":23,"column":1}}},"1":{"name":"(anonymous_1)","decl":{"start":{"line":14,"column":21},"end":{"line":14,"column":22}},"loc":{"start":{"line":14,"column":27},"end":{"line":22,"column":3}}},"2":{"name":"getClass","decl":{"start":{"line":25,"column":22},"end":{"line":25,"column":30}},"loc":{"start":{"line":25,"column":56},"end":{"line":35,"column":1}}},"3":{"name":"listProjectsByClass","decl":{"start":{"line":37,"column":22},"end":{"line":37,"column":41}},"loc":{"start":{"line":37,"column":67},"end":{"line":52,"column":1}}},"4":{"name":"(anonymous_4)","decl":{"start":{"line":43,"column":38},"end":{"line":43,"column":39}},"loc":{"start":{"line":43,"column":44},"end":{"line":49,"column":5}}},"5":{"name":"listStudentsByClass","decl":{"start":{"line":54,"column":22},"end":{"line":54,"column":41}},"loc":{"start":{"line":54,"column":67},"end":{"line":68,"column":1}}},"6":{"name":"(anonymous_6)","decl":{"start":{"line":60,"column":33},"end":{"line":60,"column":34}},"loc":{"start":{"line":60,"column":39},"end":{"line":65,"column":5}}},"7":{"name":"createClass","decl":{"start":{"line":70,"column":22},"end":{"line":70,"column":33}},"loc":{"start":{"line":70,"column":57},"end":{"line":73,"column":1}}},"8":{"name":"applyProject","decl":{"start":{"line":75,"column":22},"end":{"line":75,"column":34}},"loc":{"start":{"line":75,"column":73},"end":{"line":81,"column":1}}},"9":{"name":"updateClass","decl":{"start":{"line":83,"column":22},"end":{"line":83,"column":33}},"loc":{"start":{"line":83,"column":84},"end":{"line":87,"column":1}}},"10":{"name":"deleteClass","decl":{"start":{"line":89,"column":22},"end":{"line":89,"column":33}},"loc":{"start":{"line":89,"column":59},"end":{"line":92,"column":1}}},"11":{"name":"removeProject","decl":{"start":{"line":94,"column":22},"end":{"line":94,"column":35}},"loc":{"start":{"line":94,"column":92},"end":{"line":101,"column":1}}},"12":{"name":"validateUniqueNameOrFail","decl":{"start":{"line":103,"column":15},"end":{"line":103,"column":39}},"loc":{"start":{"line":103,"column":63},"end":{"line":108,"column":1}}},"13":{"name":"validateIdClassExistsOrFail","decl":{"start":{"line":110,"column":15},"end":{"line":110,"column":42}},"loc":{"start":{"line":110,"column":58},"end":{"line":115,"column":1}}},"14":{"name":"validateIdProjectExistsOrFail","decl":{"start":{"line":117,"column":15},"end":{"line":117,"column":44}},"loc":{"start":{"line":117,"column":62},"end":{"line":122,"column":1}}},"15":{"name":"checkProjectHasApplied","decl":{"start":{"line":124,"column":15},"end":{"line":124,"column":37}},"loc":{"start":{"line":126,"column":17},"end":{"line":139,"column":1}}}},"branchMap":{"0":{"loc":{"start":{"line":105,"column":2},"end":{"line":107,"column":null}},"type":"if","locations":[{"start":{"line":105,"column":2},"end":{"line":107,"column":null}}]},"1":{"loc":{"start":{"line":112,"column":2},"end":{"line":114,"column":null}},"type":"if","locations":[{"start":{"line":112,"column":2},"end":{"line":114,"column":null}}]},"2":{"loc":{"start":{"line":119,"column":2},"end":{"line":121,"column":null}},"type":"if","locations":[{"start":{"line":119,"column":2},"end":{"line":121,"column":null}}]},"3":{"loc":{"start":{"line":129,"column":2},"end":{"line":137,"column":null}},"type":"if","locations":[{"start":{"line":129,"column":2},"end":{"line":137,"column":null}},{"start":{"line":133,"column":9},"end":{"line":137,"column":null}}]},"4":{"loc":{"start":{"line":130,"column":4},"end":{"line":132,"column":null}},"type":"if","locations":[{"start":{"line":130,"column":4},"end":{"line":132,"column":null}}]},"5":{"loc":{"start":{"line":134,"column":4},"end":{"line":136,"column":null}},"type":"if","locations":[{"start":{"line":134,"column":4},"end":{"line":136,"column":null}}]}},"s":{"0":4,"1":4,"2":2,"3":2,"4":1,"5":4,"6":2,"7":1,"8":1,"9":4,"10":3,"11":2,"12":2,"13":1,"14":4,"15":5,"16":4,"17":4,"18":2,"19":4,"20":2,"21":1,"22":4,"23":4,"24":3,"25":2,"26":1,"27":4,"28":3,"29":2,"30":1,"31":4,"32":2,"33":1,"34":4,"35":4,"36":3,"37":2,"38":1,"39":1,"40":4,"41":4,"42":4,"43":2,"44":23,"45":23,"46":7,"47":6,"48":6,"49":2,"50":4,"51":4,"52":2,"53":1,"54":2,"55":1,"56":2,"57":4},"f":{"0":2,"1":1,"2":2,"3":3,"4":1,"5":5,"6":2,"7":2,"8":4,"9":3,"10":2,"11":4,"12":4,"13":23,"14":6,"15":4},"b":{"0":[2],"1":[7],"2":[2],"3":[2,2],"4":[1],"5":[1]}}
,"/home/thiago/Área de Trabalho/Driven/concept-A-back-4/src/services/index.ts": {"path":"/home/thiago/Área de Trabalho/Driven/concept-A-back-4/src/services/index.ts","statementMap":{"0":{"start":{"line":1,"column":0},"end":{"line":1,"column":34}},"1":{"start":{"line":2,"column":0},"end":{"line":2,"column":35}},"2":{"start":{"line":3,"column":0},"end":{"line":3,"column":35}}},"fnMap":{},"branchMap":{},"s":{"0":4,"1":4,"2":4},"f":{},"b":{}}
,"/home/thiago/Área de Trabalho/Driven/concept-A-back-4/src/services/projects-service.ts": {"path":"/home/thiago/Área de Trabalho/Driven/concept-A-back-4/src/services/projects-service.ts","statementMap":{"0":{"start":{"line":2,"column":0},"end":{"line":2,"column":62}},"1":{"start":{"line":3,"column":0},"end":{"line":3,"column":51}},"2":{"start":{"line":6,"column":2},"end":{"line":6,"column":36}},"3":{"start":{"line":5,"column":0},"end":{"line":5,"column":7}},"4":{"start":{"line":10,"column":2},"end":{"line":10,"column":35}},"5":{"start":{"line":11,"column":2},"end":{"line":11,"column":40}},"6":{"start":{"line":9,"column":0},"end":{"line":9,"column":7}},"7":{"start":{"line":15,"column":2},"end":{"line":15,"column":42}},"8":{"start":{"line":16,"column":2},"end":{"line":16,"column":43}},"9":{"start":{"line":14,"column":0},"end":{"line":14,"column":7}},"10":{"start":{"line":20,"column":2},"end":{"line":20,"column":35}},"11":{"start":{"line":21,"column":2},"end":{"line":21,"column":42}},"12":{"start":{"line":22,"column":2},"end":{"line":22,"column":47}},"13":{"start":{"line":19,"column":0},"end":{"line":19,"column":7}},"14":{"start":{"line":26,"column":2},"end":{"line":26,"column":35}},"15":{"start":{"line":27,"column":2},"end":{"line":27,"column":45}},"16":{"start":{"line":25,"column":0},"end":{"line":25,"column":7}},"17":{"start":{"line":31,"column":39},"end":{"line":31,"column":87}},"18":{"start":{"line":32,"column":2},"end":{"line":34,"column":null}},"19":{"start":{"line":33,"column":4},"end":{"line":33,"column":41}},"20":{"start":{"line":38,"column":33},"end":{"line":38,"column":69}},"21":{"start":{"line":39,"column":2},"end":{"line":41,"column":null}},"22":{"start":{"line":40,"column":4},"end":{"line":40,"column":61}},"23":{"start":{"line":46,"column":13},"end":{"line":52,"column":2}}},"fnMap":{"0":{"name":"getAllProjects","decl":{"start":{"line":5,"column":22},"end":{"line":5,"column":36}},"loc":{"start":{"line":5,"column":36},"end":{"line":7,"column":1}}},"1":{"name":"getProject","decl":{"start":{"line":9,"column":22},"end":{"line":9,"column":32}},"loc":{"start":{"line":9,"column":60},"end":{"line":12,"column":1}}},"2":{"name":"createProject","decl":{"start":{"line":14,"column":22},"end":{"line":14,"column":35}},"loc":{"start":{"line":14,"column":58},"end":{"line":17,"column":1}}},"3":{"name":"updateProject","decl":{"start":{"line":19,"column":22},"end":{"line":19,"column":35}},"loc":{"start":{"line":19,"column":87},"end":{"line":23,"column":1}}},"4":{"name":"deleteProject","decl":{"start":{"line":25,"column":22},"end":{"line":25,"column":35}},"loc":{"start":{"line":25,"column":63},"end":{"line":28,"column":1}}},"5":{"name":"validateUniqueNameOrFail","decl":{"start":{"line":30,"column":15},"end":{"line":30,"column":39}},"loc":{"start":{"line":30,"column":62},"end":{"line":35,"column":1}}},"6":{"name":"validateIdExistsOrFail","decl":{"start":{"line":37,"column":15},"end":{"line":37,"column":37}},"loc":{"start":{"line":37,"column":48},"end":{"line":42,"column":1}}}},"branchMap":{"0":{"loc":{"start":{"line":32,"column":2},"end":{"line":34,"column":null}},"type":"if","locations":[{"start":{"line":32,"column":2},"end":{"line":34,"column":null}}]},"1":{"loc":{"start":{"line":39,"column":2},"end":{"line":41,"column":null}},"type":"if","locations":[{"start":{"line":39,"column":2},"end":{"line":41,"column":null}}]}},"s":{"0":4,"1":4,"2":2,"3":4,"4":2,"5":1,"6":4,"7":2,"8":1,"9":4,"10":3,"11":2,"12":1,"13":4,"14":2,"15":1,"16":4,"17":4,"18":4,"19":2,"20":7,"21":7,"22":3,"23":4},"f":{"0":2,"1":2,"2":2,"3":3,"4":2,"5":4,"6":7},"b":{"0":[2],"1":[3]}}
,"/home/thiago/Área de Trabalho/Driven/concept-A-back-4/src/services/students-service.ts": {"path":"/home/thiago/Área de Trabalho/Driven/concept-A-back-4/src/services/students-service.ts","statementMap":{"0":{"start":{"line":2,"column":0},"end":{"line":2,"column":62}},"1":{"start":{"line":3,"column":0},"end":{"line":3,"column":68}},"2":{"start":{"line":6,"column":2},"end":{"line":6,"column":36}},"3":{"start":{"line":5,"column":0},"end":{"line":5,"column":7}},"4":{"start":{"line":10,"column":2},"end":{"line":10,"column":42}},"5":{"start":{"line":11,"column":2},"end":{"line":11,"column":40}},"6":{"start":{"line":9,"column":0},"end":{"line":9,"column":7}},"7":{"start":{"line":15,"column":2},"end":{"line":15,"column":47}},"8":{"start":{"line":16,"column":2},"end":{"line":16,"column":53}},"9":{"start":{"line":17,"column":2},"end":{"line":17,"column":43}},"10":{"start":{"line":14,"column":0},"end":{"line":14,"column":7}},"11":{"start":{"line":21,"column":2},"end":{"line":21,"column":42}},"12":{"start":{"line":22,"column":2},"end":{"line":22,"column":53}},"13":{"start":{"line":23,"column":2},"end":{"line":23,"column":51}},"14":{"start":{"line":24,"column":2},"end":{"line":24,"column":47}},"15":{"start":{"line":20,"column":0},"end":{"line":20,"column":7}},"16":{"start":{"line":28,"column":2},"end":{"line":28,"column":42}},"17":{"start":{"line":29,"column":2},"end":{"line":29,"column":45}},"18":{"start":{"line":27,"column":0},"end":{"line":27,"column":7}},"19":{"start":{"line":33,"column":39},"end":{"line":33,"column":79}},"20":{"start":{"line":34,"column":2},"end":{"line":42,"column":null}},"21":{"start":{"line":35,"column":4},"end":{"line":37,"column":null}},"22":{"start":{"line":36,"column":6},"end":{"line":36,"column":43}},"23":{"start":{"line":39,"column":4},"end":{"line":41,"column":null}},"24":{"start":{"line":40,"column":6},"end":{"line":40,"column":43}},"25":{"start":{"line":46,"column":33},"end":{"line":46,"column":69}},"26":{"start":{"line":47,"column":2},"end":{"line":49,"column":null}},"27":{"start":{"line":48,"column":4},"end":{"line":48,"column":61}},"28":{"start":{"line":53,"column":29},"end":{"line":53,"column":63}},"29":{"start":{"line":54,"column":2},"end":{"line":56,"column":null}},"30":{"start":{"line":55,"column":4},"end":{"line":55,"column":59}},"31":{"start":{"line":61,"column":13},"end":{"line":67,"column":2}}},"fnMap":{"0":{"name":"getAllStudents","decl":{"start":{"line":5,"column":22},"end":{"line":5,"column":36}},"loc":{"start":{"line":5,"column":36},"end":{"line":7,"column":1}}},"1":{"name":"getStudentById","decl":{"start":{"line":9,"column":22},"end":{"line":9,"column":36}},"loc":{"start":{"line":9,"column":64},"end":{"line":12,"column":1}}},"2":{"name":"createStudent","decl":{"start":{"line":14,"column":22},"end":{"line":14,"column":35}},"loc":{"start":{"line":14,"column":58},"end":{"line":18,"column":1}}},"3":{"name":"updateStudent","decl":{"start":{"line":20,"column":22},"end":{"line":20,"column":35}},"loc":{"start":{"line":20,"column":87},"end":{"line":25,"column":1}}},"4":{"name":"deleteStudent","decl":{"start":{"line":27,"column":22},"end":{"line":27,"column":35}},"loc":{"start":{"line":27,"column":63},"end":{"line":30,"column":1}}},"5":{"name":"validateUniqueNameOrFail","decl":{"start":{"line":32,"column":15},"end":{"line":32,"column":39}},"loc":{"start":{"line":32,"column":72},"end":{"line":43,"column":1}}},"6":{"name":"validateStudentIdExistsOrFail","decl":{"start":{"line":45,"column":15},"end":{"line":45,"column":44}},"loc":{"start":{"line":45,"column":55},"end":{"line":50,"column":1}}},"7":{"name":"validateClassIdExistsOrFail","decl":{"start":{"line":52,"column":15},"end":{"line":52,"column":42}},"loc":{"start":{"line":52,"column":53},"end":{"line":57,"column":1}}}},"branchMap":{"0":{"loc":{"start":{"line":34,"column":2},"end":{"line":42,"column":null}},"type":"if","locations":[{"start":{"line":34,"column":2},"end":{"line":42,"column":null}},{"start":{"line":38,"column":9},"end":{"line":42,"column":null}}]},"1":{"loc":{"start":{"line":35,"column":4},"end":{"line":37,"column":null}},"type":"if","locations":[{"start":{"line":35,"column":4},"end":{"line":37,"column":null}}]},"2":{"loc":{"start":{"line":35,"column":8},"end":{"line":35,"column":67}},"type":"binary-expr","locations":[{"start":{"line":35,"column":8},"end":{"line":35,"column":27}},{"start":{"line":35,"column":31},"end":{"line":35,"column":67}}]},"3":{"loc":{"start":{"line":39,"column":4},"end":{"line":41,"column":null}},"type":"if","locations":[{"start":{"line":39,"column":4},"end":{"line":41,"column":null}}]},"4":{"loc":{"start":{"line":47,"column":2},"end":{"line":49,"column":null}},"type":"if","locations":[{"start":{"line":47,"column":2},"end":{"line":49,"column":null}}]},"5":{"loc":{"start":{"line":54,"column":2},"end":{"line":56,"column":null}},"type":"if","locations":[{"start":{"line":54,"column":2},"end":{"line":56,"column":null}}]}},"s":{"0":4,"1":4,"2":2,"3":4,"4":2,"5":1,"6":4,"7":3,"8":2,"9":1,"10":4,"11":3,"12":2,"13":2,"14":1,"15":4,"16":2,"17":1,"18":4,"19":5,"20":5,"21":2,"22":1,"23":3,"24":1,"25":7,"26":7,"27":3,"28":4,"29":4,"30":1,"31":4},"f":{"0":2,"1":2,"2":3,"3":3,"4":2,"5":5,"6":7,"7":4},"b":{"0":[2,3],"1":[1],"2":[2,1],"3":[1],"4":[3],"5":[1]}}
}
