TN:
SF:src/app.ts
FN:11,(anonymous_1)
FN:17,init
FN:22,close
FNF:3
FNH:3
FNDA:1,(anonymous_1)
FNDA:4,init
FNDA:4,close
DA:1,4
DA:2,4
DA:3,4
DA:4,4
DA:5,4
DA:7,4
DA:8,4
DA:11,1
DA:17,4
DA:18,4
DA:19,4
DA:22,4
DA:23,4
DA:26,4
LF:14
LH:14
BRF:0
BRH:0
end_of_record
TN:
SF:src/server.ts
FN:5,(anonymous_6)
FN:6,(anonymous_7)
FNF:2
FNH:0
FNDA:0,(anonymous_6)
FNDA:0,(anonymous_7)
DA:1,0
DA:3,0
DA:5,0
DA:6,0
DA:7,0
LF:5
LH:0
BRDA:3,0,0,0
BRDA:3,0,1,0
BRF:2
BRH:0
end_of_record
TN:
SF:src/config/database.ts
FN:4,connectDb
FN:8,disconnectDB
FNF:2
FNH:2
FNDA:4,connectDb
FNDA:5,disconnectDB
DA:1,4
DA:4,4
DA:5,4
DA:8,4
DA:9,5
LF:5
LH:5
BRF:0
BRH:0
end_of_record
TN:
SF:src/config/envs.ts
FN:4,loadEnv
FNF:1
FNH:1
FNDA:4,loadEnv
DA:1,4
DA:2,4
DA:4,4
DA:6,4
DA:12,4
DA:13,4
LF:6
LH:6
BRDA:6,0,0,4
BRDA:6,0,1,0
BRDA:8,1,0,0
BRDA:8,1,1,0
BRF:4
BRH:1
end_of_record
TN:
SF:src/config/index.ts
FNF:0
FNH:0
DA:1,4
DA:2,4
LF:2
LH:2
BRF:0
BRH:0
end_of_record
TN:
SF:src/controllers/classes-controller.ts
FN:6,getAllClasses
FN:14,getClass
FN:28,createClass
FN:42,updateClass
FN:62,deleteClass
FN:76,listProjectsByClass
FN:92,listStudentsByClass
FN:108,applyProject
FN:131,removeProject
FNF:9
FNH:9
FNDA:2,getAllClasses
FNDA:2,getClass
FNDA:2,createClass
FNDA:3,updateClass
FNDA:2,deleteClass
FNDA:3,listProjectsByClass
FNDA:5,listStudentsByClass
FNDA:4,applyProject
FNDA:4,removeProject
DA:2,4
DA:3,4
DA:7,2
DA:8,2
DA:9,2
DA:15,2
DA:16,2
DA:17,2
DA:18,1
DA:20,1
DA:21,1
DA:29,2
DA:30,2
DA:31,2
DA:32,1
DA:34,1
DA:35,1
DA:43,3
DA:44,3
DA:45,3
DA:46,3
DA:47,1
DA:49,2
DA:50,1
DA:54,1
DA:55,1
DA:63,2
DA:64,2
DA:65,2
DA:66,1
DA:68,1
DA:69,1
DA:77,3
DA:78,3
DA:79,3
DA:82,2
DA:84,1
DA:85,1
DA:93,5
DA:94,5
DA:95,5
DA:98,4
DA:100,1
DA:101,1
DA:109,4
DA:110,4
DA:111,4
DA:112,4
DA:113,4
DA:116,1
DA:118,3
DA:119,2
DA:123,1
DA:124,1
DA:132,4
DA:133,4
DA:134,4
DA:135,4
DA:138,1
DA:140,3
DA:141,3
DA:148,4
LF:62
LH:62
BRDA:20,0,0,1
BRDA:34,1,0,1
BRDA:49,2,0,1
BRDA:54,3,0,1
BRDA:68,4,0,1
BRDA:84,5,0,1
BRDA:100,6,0,1
BRDA:118,7,0,2
BRDA:123,8,0,1
BRDA:140,9,0,3
BRF:10
BRH:10
end_of_record
TN:
SF:src/controllers/index.ts
FNF:0
FNH:0
DA:1,4
DA:2,4
DA:3,4
LF:3
LH:3
BRF:0
BRH:0
end_of_record
TN:
SF:src/controllers/projects-controller.ts
FN:6,getAllProjects
FN:17,getProject
FN:31,createProject
FN:45,updateProject
FN:65,deleteProject
FNF:5
FNH:5
FNDA:2,getAllProjects
FNDA:2,getProject
FNDA:2,createProject
FNDA:3,updateProject
FNDA:2,deleteProject
DA:2,4
DA:3,4
DA:7,2
DA:8,2
DA:9,2
DA:11,0
DA:18,2
DA:19,2
DA:20,2
DA:21,1
DA:23,1
DA:24,1
DA:32,2
DA:33,2
DA:34,2
DA:35,1
DA:37,1
DA:38,1
DA:46,3
DA:47,3
DA:48,3
DA:49,3
DA:50,1
DA:52,2
DA:53,1
DA:57,1
DA:58,1
DA:66,2
DA:67,2
DA:68,2
DA:69,1
DA:71,1
DA:72,1
DA:79,4
LF:34
LH:33
BRDA:23,0,0,1
BRDA:37,1,0,1
BRDA:52,2,0,1
BRDA:57,3,0,1
BRDA:71,4,0,1
BRF:5
BRH:5
end_of_record
TN:
SF:src/controllers/students-controller.ts
FN:6,getAllStudents
FN:17,getStudentById
FN:31,createStudent
FN:50,updateStudent
FN:70,deleteStudent
FNF:5
FNH:5
FNDA:2,getAllStudents
FNDA:2,getStudentById
FNDA:3,createStudent
FNDA:3,updateStudent
FNDA:2,deleteStudent
DA:2,4
DA:3,4
DA:7,2
DA:8,2
DA:9,2
DA:11,0
DA:18,2
DA:19,2
DA:20,2
DA:21,1
DA:23,1
DA:24,1
DA:32,3
DA:33,3
DA:34,3
DA:35,1
DA:37,2
DA:38,1
DA:42,1
DA:43,1
DA:51,3
DA:52,3
DA:53,3
DA:54,3
DA:55,1
DA:57,2
DA:58,1
DA:62,1
DA:63,1
DA:71,2
DA:72,2
DA:73,2
DA:74,1
DA:76,1
DA:77,1
DA:84,4
LF:36
LH:35
BRDA:23,0,0,1
BRDA:37,1,0,1
BRDA:42,2,0,1
BRDA:57,3,0,1
BRDA:62,4,0,1
BRDA:76,5,0,1
BRF:6
BRH:6
end_of_record
TN:
SF:src/errors/conflict-error.ts
FN:3,conflictError
FNF:1
FNH:1
FNDA:1,conflictError
DA:3,4
DA:4,1
LF:2
LH:2
BRF:0
BRH:0
end_of_record
TN:
SF:src/errors/duplicated-name-error.ts
FN:3,duplicatedNameError
FNF:1
FNH:1
FNDA:6,duplicatedNameError
DA:3,4
DA:4,6
LF:2
LH:2
BRF:0
BRH:0
end_of_record
TN:
SF:src/errors/index.ts
FNF:0
FNH:0
DA:1,4
DA:2,4
DA:3,4
DA:4,4
LF:4
LH:4
BRF:0
BRH:0
end_of_record
TN:
SF:src/errors/invalid-data-error.ts
FN:3,invalidDataError
FNF:1
FNH:1
FNDA:14,invalidDataError
DA:3,4
DA:4,14
LF:2
LH:2
BRF:0
BRH:0
end_of_record
TN:
SF:src/errors/not-found-error.ts
FN:3,notFoundError
FNF:1
FNH:1
FNDA:17,notFoundError
DA:3,4
DA:4,17
LF:2
LH:2
BRF:0
BRH:0
end_of_record
TN:
SF:src/middlewares/error-handling-middleware.ts
FN:5,handleApplicationErrors
FNF:1
FNH:0
FNDA:0,handleApplicationErrors
DA:3,4
DA:5,4
DA:7,0
DA:8,0
LF:4
LH:2
BRF:0
BRH:0
end_of_record
TN:
SF:src/middlewares/index.ts
FNF:0
FNH:0
DA:1,4
DA:2,4
LF:2
LH:2
BRF:0
BRH:0
end_of_record
TN:
SF:src/middlewares/schema-middleware.ts
FN:6,validateSchema
FN:7,(anonymous_2)
FN:10,(anonymous_3)
FNF:3
FNH:3
FNDA:28,validateSchema
FNDA:34,(anonymous_2)
FNDA:25,(anonymous_3)
DA:2,4
DA:4,4
DA:6,4
DA:7,28
DA:8,34
DA:9,34
DA:10,25
DA:11,14
DA:13,20
LF:9
LH:9
BRDA:9,0,0,14
BRF:1
BRH:1
end_of_record
TN:
SF:src/models/classes-model.ts
FNF:0
FNH:0
DA:1,4
DA:3,4
LF:2
LH:2
BRF:0
BRH:0
end_of_record
TN:
SF:src/models/index.ts
FNF:0
FNH:0
DA:1,4
DA:2,4
DA:3,4
DA:4,4
LF:4
LH:4
BRF:0
BRH:0
end_of_record
TN:
SF:src/models/projectClass-model.ts
FNF:0
FNH:0
DA:1,4
DA:3,4
LF:2
LH:2
BRF:0
BRH:0
end_of_record
TN:
SF:src/models/projects-model.ts
FNF:0
FNH:0
DA:1,4
DA:3,4
LF:2
LH:2
BRF:0
BRH:0
end_of_record
TN:
SF:src/models/students-model.ts
FNF:0
FNH:0
DA:1,4
DA:3,4
LF:2
LH:2
BRF:0
BRH:0
end_of_record
TN:
SF:src/repositories/classes-repository.ts
FN:5,getAll
FN:21,findById
FN:38,findByName
FN:44,create
FN:50,update
FN:57,deleteClass
FN:63,listProjectsByClass
FN:83,listStudentsByClass
FNF:8
FNH:8
FNDA:2,getAll
FNDA:28,findById
FNDA:4,findByName
FNDA:1,create
FNDA:1,update
FNDA:1,deleteClass
FNDA:2,listProjectsByClass
FNDA:4,listStudentsByClass
DA:2,4
DA:6,2
DA:22,28
DA:39,4
DA:45,1
DA:51,1
DA:58,1
DA:64,2
DA:84,4
DA:99,4
LF:10
LH:10
BRF:0
BRH:0
end_of_record
TN:
SF:src/repositories/index.ts
FNF:0
FNH:0
DA:1,4
DA:2,4
DA:3,4
DA:4,4
LF:4
LH:4
BRF:0
BRH:0
end_of_record
TN:
SF:src/repositories/projects-repository.ts
FN:5,getAll
FN:13,findById
FN:19,findByName
FN:25,create
FN:31,update
FN:38,deleteProject
FNF:6
FNH:6
FNDA:2,getAll
FNDA:14,findById
FNDA:4,findByName
FNDA:1,create
FNDA:1,update
FNDA:1,deleteProject
DA:1,4
DA:6,2
DA:14,14
DA:20,4
DA:26,1
DA:32,1
DA:39,1
DA:44,4
LF:8
LH:8
BRF:0
BRH:0
end_of_record
TN:
SF:src/repositories/projectsClasses-repository.ts
FN:6,applyProject
FN:12,findProjectApplied
FN:18,removeProject
FNF:3
FNH:3
FNDA:1,applyProject
FNDA:4,findProjectApplied
FNDA:1,removeProject
DA:1,4
DA:7,1
DA:13,4
DA:19,1
DA:24,4
LF:5
LH:5
BRF:0
BRH:0
end_of_record
TN:
SF:src/repositories/students-repository.ts
FN:5,getAll
FN:13,findById
FN:19,findByName
FN:25,create
FN:31,update
FN:38,deleteStudent
FNF:6
FNH:6
FNDA:2,getAll
FNDA:8,findById
FNDA:5,findByName
FNDA:1,create
FNDA:1,update
FNDA:1,deleteStudent
DA:1,4
DA:6,2
DA:14,8
DA:20,5
DA:26,1
DA:32,1
DA:39,1
DA:44,4
LF:8
LH:8
BRF:0
BRH:0
end_of_record
TN:
SF:src/routes/classes-router.ts
FNF:0
FNH:0
DA:1,4
DA:2,4
DA:3,4
DA:4,4
DA:6,4
DA:8,4
DA:19,4
LF:7
LH:7
BRF:0
BRH:0
end_of_record
TN:
SF:src/routes/index.ts
FNF:0
FNH:0
DA:1,4
DA:2,4
DA:3,4
LF:3
LH:3
BRF:0
BRH:0
end_of_record
TN:
SF:src/routes/projects-router.ts
FNF:0
FNH:0
DA:1,4
DA:2,4
DA:3,4
DA:4,4
DA:6,4
DA:8,4
DA:15,4
LF:7
LH:7
BRF:0
BRH:0
end_of_record
TN:
SF:src/routes/students-router.ts
FNF:0
FNH:0
DA:1,4
DA:2,4
DA:3,4
DA:4,4
DA:6,4
DA:8,4
DA:16,4
LF:7
LH:7
BRF:0
BRH:0
end_of_record
TN:
SF:src/services/classes-service.ts
FN:12,getAllClasses
FN:14,(anonymous_1)
FN:25,getClass
FN:37,listProjectsByClass
FN:43,(anonymous_4)
FN:54,listStudentsByClass
FN:60,(anonymous_6)
FN:70,createClass
FN:75,applyProject
FN:83,updateClass
FN:89,deleteClass
FN:94,removeProject
FN:103,validateUniqueNameOrFail
FN:110,validateIdClassExistsOrFail
FN:117,validateIdProjectExistsOrFail
FN:124,checkProjectHasApplied
FNF:16
FNH:16
FNDA:2,getAllClasses
FNDA:2,(anonymous_1)
FNDA:2,getClass
FNDA:3,listProjectsByClass
FNDA:2,(anonymous_4)
FNDA:5,listStudentsByClass
FNDA:4,(anonymous_6)
FNDA:2,createClass
FNDA:4,applyProject
FNDA:3,updateClass
FNDA:2,deleteClass
FNDA:4,removeProject
FNDA:4,validateUniqueNameOrFail
FNDA:23,validateIdClassExistsOrFail
FNDA:6,validateIdProjectExistsOrFail
FNDA:4,checkProjectHasApplied
DA:9,4
DA:10,4
DA:12,4
DA:13,2
DA:14,2
DA:15,2
DA:25,4
DA:26,2
DA:27,1
DA:28,1
DA:37,4
DA:38,3
DA:39,2
DA:40,2
DA:44,2
DA:54,4
DA:55,5
DA:56,4
DA:57,4
DA:61,4
DA:70,4
DA:71,2
DA:72,1
DA:75,4
DA:76,4
DA:77,3
DA:78,2
DA:80,1
DA:83,4
DA:84,3
DA:85,2
DA:86,1
DA:89,4
DA:90,2
DA:91,1
DA:94,4
DA:95,4
DA:96,3
DA:97,2
DA:99,1
DA:100,1
DA:104,4
DA:105,4
DA:106,2
DA:111,23
DA:112,23
DA:113,7
DA:118,6
DA:119,6
DA:120,2
DA:128,4
DA:129,4
DA:130,2
DA:131,1
DA:134,2
DA:135,1
DA:138,2
DA:164,4
LF:58
LH:58
BRDA:105,0,0,2
BRDA:112,1,0,7
BRDA:119,2,0,2
BRDA:129,3,0,2
BRDA:129,3,1,2
BRDA:130,4,0,1
BRDA:134,5,0,1
BRF:7
BRH:7
end_of_record
TN:
SF:src/services/index.ts
FNF:0
FNH:0
DA:1,4
DA:2,4
DA:3,4
LF:3
LH:3
BRF:0
BRH:0
end_of_record
TN:
SF:src/services/projects-service.ts
FN:5,getAllProjects
FN:9,getProject
FN:14,createProject
FN:19,updateProject
FN:25,deleteProject
FN:30,validateUniqueNameOrFail
FN:37,validateIdExistsOrFail
FNF:7
FNH:7
FNDA:2,getAllProjects
FNDA:2,getProject
FNDA:2,createProject
FNDA:3,updateProject
FNDA:2,deleteProject
FNDA:4,validateUniqueNameOrFail
FNDA:7,validateIdExistsOrFail
DA:2,4
DA:3,4
DA:5,4
DA:6,2
DA:9,4
DA:10,2
DA:11,1
DA:14,4
DA:15,2
DA:16,1
DA:19,4
DA:20,3
DA:21,2
DA:22,1
DA:25,4
DA:26,2
DA:27,1
DA:31,4
DA:32,4
DA:33,2
DA:38,7
DA:39,7
DA:40,3
DA:46,4
LF:24
LH:24
BRDA:32,0,0,2
BRDA:39,1,0,3
BRF:2
BRH:2
end_of_record
TN:
SF:src/services/students-service.ts
FN:5,getAllStudents
FN:9,getStudentById
FN:14,createStudent
FN:20,updateStudent
FN:27,deleteStudent
FN:32,validateUniqueNameOrFail
FN:45,validateStudentIdExistsOrFail
FN:52,validateClassIdExistsOrFail
FNF:8
FNH:8
FNDA:2,getAllStudents
FNDA:2,getStudentById
FNDA:3,createStudent
FNDA:3,updateStudent
FNDA:2,deleteStudent
FNDA:5,validateUniqueNameOrFail
FNDA:7,validateStudentIdExistsOrFail
FNDA:4,validateClassIdExistsOrFail
DA:2,4
DA:3,4
DA:5,4
DA:6,2
DA:9,4
DA:10,2
DA:11,1
DA:14,4
DA:15,3
DA:16,2
DA:17,1
DA:20,4
DA:21,3
DA:22,2
DA:23,2
DA:24,1
DA:27,4
DA:28,2
DA:29,1
DA:33,5
DA:34,5
DA:35,2
DA:36,1
DA:39,3
DA:40,1
DA:46,7
DA:47,7
DA:48,3
DA:53,4
DA:54,4
DA:55,1
DA:61,4
LF:32
LH:32
BRDA:34,0,0,2
BRDA:34,0,1,3
BRDA:35,1,0,1
BRDA:35,2,0,2
BRDA:35,2,1,1
BRDA:39,3,0,1
BRDA:47,4,0,3
BRDA:54,5,0,1
BRF:8
BRH:8
end_of_record
